This is pdfTeX, Version 3.14159265-2.6-1.40.19 (MiKTeX 2.9.6745 64-bit) (preloaded format=pdflatex 2018.8.23)  13 SEP 2018 18:02
entering extended mode
**./main.tex
(main.tex
LaTeX2e <2018-04-01> patch level 5

("C:\Users\Evan Waldmann\AppData\Local\Programs\MiKTeX 2.9\tex\latex\beamer\bea
mer.cls"
Document Class: beamer 2018/02/20 v3.50 A class for typesetting presentations

("C:\Users\Evan Waldmann\AppData\Local\Programs\MiKTeX 2.9\tex\latex\beamer\bea
merbasemodes.sty"
("C:\Users\Evan Waldmann\AppData\Local\Programs\MiKTeX 2.9\tex\latex\etoolbox\e
toolbox.sty"
Package: etoolbox 2018/08/19 v2.5f e-TeX tools for LaTeX (JAW)
\etb@tempcnta=\count80
)
\beamer@tempbox=\box26
\beamer@tempcount=\count81
\c@beamerpauses=\count82

("C:\Users\Evan Waldmann\AppData\Local\Programs\MiKTeX 2.9\tex\latex\beamer\bea
merbasedecode.sty"
\beamer@slideinframe=\count83
\beamer@minimum=\count84
)
\beamer@commentbox=\box27
\beamer@modecount=\count85
)
("C:\Users\Evan Waldmann\AppData\Local\Programs\MiKTeX 2.9\tex\generic\oberdiek
\ifpdf.sty"
Package: ifpdf 2017/03/15 v3.2 Provides the ifpdf switch
)
\headdp=\dimen102
\footheight=\dimen103
\sidebarheight=\dimen104
\beamer@tempdim=\dimen105
\beamer@finalheight=\dimen106
\beamer@animht=\dimen107
\beamer@animdp=\dimen108
\beamer@animwd=\dimen109
\beamer@leftmargin=\dimen110
\beamer@rightmargin=\dimen111
\beamer@leftsidebar=\dimen112
\beamer@rightsidebar=\dimen113
\beamer@boxsize=\dimen114
\beamer@vboxoffset=\dimen115
\beamer@descdefault=\dimen116
\beamer@descriptionwidth=\dimen117
\beamer@lastskip=\skip41
\beamer@areabox=\box28
\beamer@animcurrent=\box29
\beamer@animshowbox=\box30
\beamer@sectionbox=\box31
\beamer@logobox=\box32
\beamer@linebox=\box33
\beamer@sectioncount=\count86
\beamer@subsubsectionmax=\count87
\beamer@subsectionmax=\count88
\beamer@sectionmax=\count89
\beamer@totalheads=\count90
\beamer@headcounter=\count91
\beamer@partstartpage=\count92
\beamer@sectionstartpage=\count93
\beamer@subsectionstartpage=\count94
\beamer@animationtempa=\count95
\beamer@animationtempb=\count96
\beamer@xpos=\count97
\beamer@ypos=\count98
\beamer@ypos@offset=\count99
\beamer@showpartnumber=\count100
\beamer@currentsubsection=\count101
\beamer@coveringdepth=\count102
\beamer@sectionadjust=\count103
\beamer@tocsectionnumber=\count104

("C:\Users\Evan Waldmann\AppData\Local\Programs\MiKTeX 2.9\tex\latex\beamer\bea
merbaseoptions.sty"
("C:\Users\Evan Waldmann\AppData\Local\Programs\MiKTeX 2.9\tex\latex\graphics\k
eyval.sty"
Package: keyval 2014/10/28 v1.15 key=value parser (DPC)
\KV@toks@=\toks14
))
\beamer@paperwidth=\skip42
\beamer@paperheight=\skip43

("C:\Users\Evan Waldmann\AppData\Local\Programs\MiKTeX 2.9\tex\latex\geometry\g
eometry.sty"
Package: geometry 2018/04/16 v5.8 Page Geometry

("C:\Users\Evan Waldmann\AppData\Local\Programs\MiKTeX 2.9\tex\generic\oberdiek
\ifvtex.sty"
Package: ifvtex 2016/05/16 v1.6 Detect VTeX and its facilities (HO)
Package ifvtex Info: VTeX not detected.
)
("C:\Users\Evan Waldmann\AppData\Local\Programs\MiKTeX 2.9\tex\generic\ifxetex\
ifxetex.sty"
Package: ifxetex 2010/09/12 v0.6 Provides ifxetex conditional
)
\Gm@cnth=\count105
\Gm@cntv=\count106
\c@Gm@tempcnt=\count107
\Gm@bindingoffset=\dimen118
\Gm@wd@mp=\dimen119
\Gm@odd@mp=\dimen120
\Gm@even@mp=\dimen121
\Gm@layoutwidth=\dimen122
\Gm@layoutheight=\dimen123
\Gm@layouthoffset=\dimen124
\Gm@layoutvoffset=\dimen125
\Gm@dimlist=\toks15

("C:\Users\Evan Waldmann\AppData\Local\Programs\MiKTeX 2.9\tex\latex\geometry\g
eometry.cfg"))
("C:\Users\Evan Waldmann\AppData\Local\Programs\MiKTeX 2.9\tex\latex\base\size1
1.clo"
File: size11.clo 2014/09/29 v1.4h Standard LaTeX file (size option)
)
("C:\Users\Evan Waldmann\AppData\Local\Programs\MiKTeX 2.9\tex\latex\pgf\basicl
ayer\pgfcore.sty"
("C:\Users\Evan Waldmann\AppData\Local\Programs\MiKTeX 2.9\tex\latex\graphics\g
raphicx.sty"
Package: graphicx 2017/06/01 v1.1a Enhanced LaTeX Graphics (DPC,SPQR)

("C:\Users\Evan Waldmann\AppData\Local\Programs\MiKTeX 2.9\tex\latex\graphics\g
raphics.sty"
Package: graphics 2017/06/25 v1.2c Standard LaTeX Graphics (DPC,SPQR)

("C:\Users\Evan Waldmann\AppData\Local\Programs\MiKTeX 2.9\tex\latex\graphics\t
rig.sty"
Package: trig 2016/01/03 v1.10 sin cos tan (DPC)
)
("C:\Users\Evan Waldmann\AppData\Local\Programs\MiKTeX 2.9\tex\latex\graphics-c
fg\graphics.cfg"
File: graphics.cfg 2016/06/04 v1.11 sample graphics configuration
)
Package graphics Info: Driver file: pdftex.def on input line 99.

("C:\Users\Evan Waldmann\AppData\Local\Programs\MiKTeX 2.9\tex\latex\graphics-d
ef\pdftex.def"
File: pdftex.def 2018/01/08 v1.0l Graphics/color driver for pdftex
))
\Gin@req@height=\dimen126
\Gin@req@width=\dimen127
)
("C:\Users\Evan Waldmann\AppData\Local\Programs\MiKTeX 2.9\tex\latex\pgf\system
layer\pgfsys.sty"
("C:\Users\Evan Waldmann\AppData\Local\Programs\MiKTeX 2.9\tex\latex\pgf\utilit
ies\pgfrcs.sty"
("C:\Users\Evan Waldmann\AppData\Local\Programs\MiKTeX 2.9\tex\generic\pgf\util
ities\pgfutil-common.tex"
\pgfutil@everybye=\toks16
\pgfutil@tempdima=\dimen128
\pgfutil@tempdimb=\dimen129

("C:\Users\Evan Waldmann\AppData\Local\Programs\MiKTeX 2.9\tex\generic\pgf\util
ities\pgfutil-common-lists.tex"))
("C:\Users\Evan Waldmann\AppData\Local\Programs\MiKTeX 2.9\tex\generic\pgf\util
ities\pgfutil-latex.def"
\pgfutil@abb=\box34

("C:\Users\Evan Waldmann\AppData\Local\Programs\MiKTeX 2.9\tex\latex\ms\everysh
i.sty"
Package: everyshi 2001/05/15 v3.00 EveryShipout Package (MS)
))
("C:\Users\Evan Waldmann\AppData\Local\Programs\MiKTeX 2.9\tex\generic\pgf\util
ities\pgfrcs.code.tex"
Package: pgfrcs 2015/08/07 v3.0.1a (rcs-revision 1.31)
))
("C:\Users\Evan Waldmann\AppData\Local\Programs\MiKTeX 2.9\tex\generic\pgf\syst
emlayer\pgfsys.code.tex"
Package: pgfsys 2014/07/09 v3.0.1a (rcs-revision 1.48)

("C:\Users\Evan Waldmann\AppData\Local\Programs\MiKTeX 2.9\tex\generic\pgf\util
ities\pgfkeys.code.tex"
\pgfkeys@pathtoks=\toks17
\pgfkeys@temptoks=\toks18

("C:\Users\Evan Waldmann\AppData\Local\Programs\MiKTeX 2.9\tex\generic\pgf\util
ities\pgfkeysfiltered.code.tex"
\pgfkeys@tmptoks=\toks19
))
\pgf@x=\dimen130
\pgf@y=\dimen131
\pgf@xa=\dimen132
\pgf@ya=\dimen133
\pgf@xb=\dimen134
\pgf@yb=\dimen135
\pgf@xc=\dimen136
\pgf@yc=\dimen137
\w@pgf@writea=\write3
\r@pgf@reada=\read1
\c@pgf@counta=\count108
\c@pgf@countb=\count109
\c@pgf@countc=\count110
\c@pgf@countd=\count111
\t@pgf@toka=\toks20
\t@pgf@tokb=\toks21
\t@pgf@tokc=\toks22

("C:\Users\Evan Waldmann\AppData\Local\Programs\MiKTeX 2.9\tex\generic\pgf\syst
emlayer\pgf.cfg"
File: pgf.cfg 2008/05/14  (rcs-revision 1.7)
)
Driver file for pgf: pgfsys-pdftex.def

("C:\Users\Evan Waldmann\AppData\Local\Programs\MiKTeX 2.9\tex\generic\pgf\syst
emlayer\pgfsys-pdftex.def"
File: pgfsys-pdftex.def 2014/10/11  (rcs-revision 1.35)

("C:\Users\Evan Waldmann\AppData\Local\Programs\MiKTeX 2.9\tex\generic\pgf\syst
emlayer\pgfsys-common-pdf.def"
File: pgfsys-common-pdf.def 2013/10/10  (rcs-revision 1.13)
)))
("C:\Users\Evan Waldmann\AppData\Local\Programs\MiKTeX 2.9\tex\generic\pgf\syst
emlayer\pgfsyssoftpath.code.tex"
File: pgfsyssoftpath.code.tex 2013/09/09  (rcs-revision 1.9)
\pgfsyssoftpath@smallbuffer@items=\count112
\pgfsyssoftpath@bigbuffer@items=\count113
)
("C:\Users\Evan Waldmann\AppData\Local\Programs\MiKTeX 2.9\tex\generic\pgf\syst
emlayer\pgfsysprotocol.code.tex"
File: pgfsysprotocol.code.tex 2006/10/16  (rcs-revision 1.4)
))
("C:\Users\Evan Waldmann\AppData\Local\Programs\MiKTeX 2.9\tex\latex\xcolor\xco
lor.sty"
Package: xcolor 2016/05/11 v2.12 LaTeX color extensions (UK)

("C:\Users\Evan Waldmann\AppData\Local\Programs\MiKTeX 2.9\tex\latex\graphics-c
fg\color.cfg"
File: color.cfg 2016/01/02 v1.6 sample color configuration
)
Package xcolor Info: Driver file: pdftex.def on input line 225.
Package xcolor Info: Model `cmy' substituted by `cmy0' on input line 1348.
Package xcolor Info: Model `hsb' substituted by `rgb' on input line 1352.
Package xcolor Info: Model `RGB' extended on input line 1364.
Package xcolor Info: Model `HTML' substituted by `rgb' on input line 1366.
Package xcolor Info: Model `Hsb' substituted by `hsb' on input line 1367.
Package xcolor Info: Model `tHsb' substituted by `hsb' on input line 1368.
Package xcolor Info: Model `HSB' substituted by `hsb' on input line 1369.
Package xcolor Info: Model `Gray' substituted by `gray' on input line 1370.
Package xcolor Info: Model `wave' substituted by `hsb' on input line 1371.

("C:\Users\Evan Waldmann\AppData\Local\Programs\MiKTeX 2.9\tex\latex\graphics\d
vipsnam.def"
File: dvipsnam.def 2016/06/17 v3.0m Driver-dependent file (DPC,SPQR)
))
("C:\Users\Evan Waldmann\AppData\Local\Programs\MiKTeX 2.9\tex\generic\pgf\basi
clayer\pgfcore.code.tex"
Package: pgfcore 2010/04/11 v3.0.1a (rcs-revision 1.7)

("C:\Users\Evan Waldmann\AppData\Local\Programs\MiKTeX 2.9\tex\generic\pgf\math
\pgfmath.code.tex"
("C:\Users\Evan Waldmann\AppData\Local\Programs\MiKTeX 2.9\tex\generic\pgf\math
\pgfmathcalc.code.tex"
("C:\Users\Evan Waldmann\AppData\Local\Programs\MiKTeX 2.9\tex\generic\pgf\math
\pgfmathutil.code.tex")
("C:\Users\Evan Waldmann\AppData\Local\Programs\MiKTeX 2.9\tex\generic\pgf\math
\pgfmathparser.code.tex"
\pgfmath@dimen=\dimen138
\pgfmath@count=\count114
\pgfmath@box=\box35
\pgfmath@toks=\toks23
\pgfmath@stack@operand=\toks24
\pgfmath@stack@operation=\toks25
)
("C:\Users\Evan Waldmann\AppData\Local\Programs\MiKTeX 2.9\tex\generic\pgf\math
\pgfmathfunctions.code.tex"
("C:\Users\Evan Waldmann\AppData\Local\Programs\MiKTeX 2.9\tex\generic\pgf\math
\pgfmathfunctions.basic.code.tex")
("C:\Users\Evan Waldmann\AppData\Local\Programs\MiKTeX 2.9\tex\generic\pgf\math
\pgfmathfunctions.trigonometric.code.tex")
("C:\Users\Evan Waldmann\AppData\Local\Programs\MiKTeX 2.9\tex\generic\pgf\math
\pgfmathfunctions.random.code.tex")
("C:\Users\Evan Waldmann\AppData\Local\Programs\MiKTeX 2.9\tex\generic\pgf\math
\pgfmathfunctions.comparison.code.tex")
("C:\Users\Evan Waldmann\AppData\Local\Programs\MiKTeX 2.9\tex\generic\pgf\math
\pgfmathfunctions.base.code.tex")
("C:\Users\Evan Waldmann\AppData\Local\Programs\MiKTeX 2.9\tex\generic\pgf\math
\pgfmathfunctions.round.code.tex")
("C:\Users\Evan Waldmann\AppData\Local\Programs\MiKTeX 2.9\tex\generic\pgf\math
\pgfmathfunctions.misc.code.tex")
("C:\Users\Evan Waldmann\AppData\Local\Programs\MiKTeX 2.9\tex\generic\pgf\math
\pgfmathfunctions.integerarithmetics.code.tex")))
("C:\Users\Evan Waldmann\AppData\Local\Programs\MiKTeX 2.9\tex\generic\pgf\math
\pgfmathfloat.code.tex"
\c@pgfmathroundto@lastzeros=\count115
))
("C:\Users\Evan Waldmann\AppData\Local\Programs\MiKTeX 2.9\tex\generic\pgf\basi
clayer\pgfcorepoints.code.tex"
File: pgfcorepoints.code.tex 2013/10/07  (rcs-revision 1.27)
\pgf@picminx=\dimen139
\pgf@picmaxx=\dimen140
\pgf@picminy=\dimen141
\pgf@picmaxy=\dimen142
\pgf@pathminx=\dimen143
\pgf@pathmaxx=\dimen144
\pgf@pathminy=\dimen145
\pgf@pathmaxy=\dimen146
\pgf@xx=\dimen147
\pgf@xy=\dimen148
\pgf@yx=\dimen149
\pgf@yy=\dimen150
\pgf@zx=\dimen151
\pgf@zy=\dimen152
)
("C:\Users\Evan Waldmann\AppData\Local\Programs\MiKTeX 2.9\tex\generic\pgf\basi
clayer\pgfcorepathconstruct.code.tex"
File: pgfcorepathconstruct.code.tex 2013/10/07  (rcs-revision 1.29)
\pgf@path@lastx=\dimen153
\pgf@path@lasty=\dimen154
)
("C:\Users\Evan Waldmann\AppData\Local\Programs\MiKTeX 2.9\tex\generic\pgf\basi
clayer\pgfcorepathusage.code.tex"
File: pgfcorepathusage.code.tex 2014/11/02  (rcs-revision 1.24)
\pgf@shorten@end@additional=\dimen155
\pgf@shorten@start@additional=\dimen156
)
("C:\Users\Evan Waldmann\AppData\Local\Programs\MiKTeX 2.9\tex\generic\pgf\basi
clayer\pgfcorescopes.code.tex"
File: pgfcorescopes.code.tex 2015/05/08  (rcs-revision 1.46)
\pgfpic=\box36
\pgf@hbox=\box37
\pgf@layerbox@main=\box38
\pgf@picture@serial@count=\count116
)
("C:\Users\Evan Waldmann\AppData\Local\Programs\MiKTeX 2.9\tex\generic\pgf\basi
clayer\pgfcoregraphicstate.code.tex"
File: pgfcoregraphicstate.code.tex 2014/11/02  (rcs-revision 1.12)
\pgflinewidth=\dimen157
)
("C:\Users\Evan Waldmann\AppData\Local\Programs\MiKTeX 2.9\tex\generic\pgf\basi
clayer\pgfcoretransformations.code.tex"
File: pgfcoretransformations.code.tex 2015/08/07  (rcs-revision 1.20)
\pgf@pt@x=\dimen158
\pgf@pt@y=\dimen159
\pgf@pt@temp=\dimen160
)
("C:\Users\Evan Waldmann\AppData\Local\Programs\MiKTeX 2.9\tex\generic\pgf\basi
clayer\pgfcorequick.code.tex"
File: pgfcorequick.code.tex 2008/10/09  (rcs-revision 1.3)
)
("C:\Users\Evan Waldmann\AppData\Local\Programs\MiKTeX 2.9\tex\generic\pgf\basi
clayer\pgfcoreobjects.code.tex"
File: pgfcoreobjects.code.tex 2006/10/11  (rcs-revision 1.2)
)
("C:\Users\Evan Waldmann\AppData\Local\Programs\MiKTeX 2.9\tex\generic\pgf\basi
clayer\pgfcorepathprocessing.code.tex"
File: pgfcorepathprocessing.code.tex 2013/09/09  (rcs-revision 1.9)
)
("C:\Users\Evan Waldmann\AppData\Local\Programs\MiKTeX 2.9\tex\generic\pgf\basi
clayer\pgfcorearrows.code.tex"
File: pgfcorearrows.code.tex 2015/05/14  (rcs-revision 1.43)
\pgfarrowsep=\dimen161
)
("C:\Users\Evan Waldmann\AppData\Local\Programs\MiKTeX 2.9\tex\generic\pgf\basi
clayer\pgfcoreshade.code.tex"
File: pgfcoreshade.code.tex 2013/07/15  (rcs-revision 1.15)
\pgf@max=\dimen162
\pgf@sys@shading@range@num=\count117
)
("C:\Users\Evan Waldmann\AppData\Local\Programs\MiKTeX 2.9\tex\generic\pgf\basi
clayer\pgfcoreimage.code.tex"
File: pgfcoreimage.code.tex 2013/07/15  (rcs-revision 1.18)

("C:\Users\Evan Waldmann\AppData\Local\Programs\MiKTeX 2.9\tex\generic\pgf\basi
clayer\pgfcoreexternal.code.tex"
File: pgfcoreexternal.code.tex 2014/07/09  (rcs-revision 1.21)
\pgfexternal@startupbox=\box39
))
("C:\Users\Evan Waldmann\AppData\Local\Programs\MiKTeX 2.9\tex\generic\pgf\basi
clayer\pgfcorelayers.code.tex"
File: pgfcorelayers.code.tex 2013/07/18  (rcs-revision 1.7)
)
("C:\Users\Evan Waldmann\AppData\Local\Programs\MiKTeX 2.9\tex\generic\pgf\basi
clayer\pgfcoretransparency.code.tex"
File: pgfcoretransparency.code.tex 2013/09/30  (rcs-revision 1.5)
)
("C:\Users\Evan Waldmann\AppData\Local\Programs\MiKTeX 2.9\tex\generic\pgf\basi
clayer\pgfcorepatterns.code.tex"
File: pgfcorepatterns.code.tex 2013/11/07  (rcs-revision 1.5)
)))
("C:\Users\Evan Waldmann\AppData\Local\Programs\MiKTeX 2.9\tex\latex\pgf\utilit
ies\xxcolor.sty"
Package: xxcolor 2003/10/24 ver 0.1
\XC@nummixins=\count118
\XC@countmixins=\count119
)
("C:\Users\Evan Waldmann\AppData\Local\Programs\MiKTeX 2.9\tex\generic\oberdiek
\atbegshi.sty"
Package: atbegshi 2016/06/09 v1.18 At begin shipout hook (HO)

("C:\Users\Evan Waldmann\AppData\Local\Programs\MiKTeX 2.9\tex\generic\oberdiek
\infwarerr.sty"
Package: infwarerr 2016/05/16 v1.4 Providing info/warning/error messages (HO)
)
("C:\Users\Evan Waldmann\AppData\Local\Programs\MiKTeX 2.9\tex\generic\oberdiek
\ltxcmds.sty"
Package: ltxcmds 2016/05/16 v1.23 LaTeX kernel commands for general use (HO)
))
("C:\Users\Evan Waldmann\AppData\Local\Programs\MiKTeX 2.9\tex\latex\hyperref\h
yperref.sty"
Package: hyperref 2018/02/06 v6.86b Hypertext links for LaTeX

("C:\Users\Evan Waldmann\AppData\Local\Programs\MiKTeX 2.9\tex\generic\oberdiek
\hobsub-hyperref.sty"
Package: hobsub-hyperref 2016/05/16 v1.14 Bundle oberdiek, subset hyperref (HO)


("C:\Users\Evan Waldmann\AppData\Local\Programs\MiKTeX 2.9\tex\generic\oberdiek
\hobsub-generic.sty"
Package: hobsub-generic 2016/05/16 v1.14 Bundle oberdiek, subset generic (HO)
Package: hobsub 2016/05/16 v1.14 Construct package bundles (HO)
Package hobsub Info: Skipping package `infwarerr' (already loaded).
Package hobsub Info: Skipping package `ltxcmds' (already loaded).
Package: ifluatex 2016/05/16 v1.4 Provides the ifluatex switch (HO)
Package ifluatex Info: LuaTeX not detected.
Package hobsub Info: Skipping package `ifvtex' (already loaded).
Package: intcalc 2016/05/16 v1.2 Expandable calculations with integers (HO)
Package hobsub Info: Skipping package `ifpdf' (already loaded).
Package: etexcmds 2016/05/16 v1.6 Avoid name clashes with e-TeX commands (HO)
Package etexcmds Info: Could not find \expanded.
(etexcmds)             That can mean that you are not using pdfTeX 1.50 or
(etexcmds)             that some package has redefined \expanded.
(etexcmds)             In the latter case, load this package earlier.
Package: kvsetkeys 2016/05/16 v1.17 Key value parser (HO)
Package: kvdefinekeys 2016/05/16 v1.4 Define keys (HO)
Package: pdftexcmds 2018/01/30 v0.27 Utility functions of pdfTeX for LuaTeX (HO
)
Package pdftexcmds Info: LuaTeX not detected.
Package pdftexcmds Info: \pdf@primitive is available.
Package pdftexcmds Info: \pdf@ifprimitive is available.
Package pdftexcmds Info: \pdfdraftmode found.
Package: pdfescape 2016/05/16 v1.14 Implements pdfTeX's escape features (HO)
Package: bigintcalc 2016/05/16 v1.4 Expandable calculations on big integers (HO
)
Package: bitset 2016/05/16 v1.2 Handle bit-vector datatype (HO)
Package: uniquecounter 2016/05/16 v1.3 Provide unlimited unique counter (HO)
)
Package hobsub Info: Skipping package `hobsub' (already loaded).
Package: letltxmacro 2016/05/16 v1.5 Let assignment for LaTeX macros (HO)
Package: hopatch 2016/05/16 v1.3 Wrapper for package hooks (HO)
Package: xcolor-patch 2016/05/16 xcolor patch
Package: atveryend 2016/05/16 v1.9 Hooks at the very end of document (HO)
Package hobsub Info: Skipping package `atbegshi' (already loaded).
Package: refcount 2016/05/16 v3.5 Data extraction from label references (HO)
Package: hycolor 2016/05/16 v1.8 Color options for hyperref/bookmark (HO)
)
("C:\Users\Evan Waldmann\AppData\Local\Programs\MiKTeX 2.9\tex\latex\oberdiek\a
uxhook.sty"
Package: auxhook 2016/05/16 v1.4 Hooks for auxiliary files (HO)
)
("C:\Users\Evan Waldmann\AppData\Local\Programs\MiKTeX 2.9\tex\latex\oberdiek\k
voptions.sty"
Package: kvoptions 2016/05/16 v3.12 Key value format for package options (HO)
)
\@linkdim=\dimen163
\Hy@linkcounter=\count120
\Hy@pagecounter=\count121

("C:\Users\Evan Waldmann\AppData\Local\Programs\MiKTeX 2.9\tex\latex\hyperref\p
d1enc.def"
File: pd1enc.def 2018/02/06 v6.86b Hyperref: PDFDocEncoding definition (HO)
Now handling font encoding PD1 ...
... no UTF-8 mapping file for font encoding PD1
)
\Hy@SavedSpaceFactor=\count122

("C:\Users\Evan Waldmann\AppData\Local\Programs\MiKTeX 2.9\tex\latex\00miktex\h
yperref.cfg"
File: hyperref.cfg 2002/06/06 v1.2 hyperref configuration of TeXLive
)
Package hyperref Info: Option `bookmarks' set `true' on input line 4383.
Package hyperref Info: Option `bookmarksopen' set `true' on input line 4383.
Package hyperref Info: Option `implicit' set `false' on input line 4383.
Package hyperref Info: Hyper figures OFF on input line 4509.
Package hyperref Info: Link nesting OFF on input line 4514.
Package hyperref Info: Hyper index ON on input line 4517.
Package hyperref Info: Plain pages OFF on input line 4524.
Package hyperref Info: Backreferencing OFF on input line 4529.
Package hyperref Info: Implicit mode OFF; no redefinition of LaTeX internals.
Package hyperref Info: Bookmarks ON on input line 4762.
\c@Hy@tempcnt=\count123

("C:\Users\Evan Waldmann\AppData\Local\Programs\MiKTeX 2.9\tex\latex\url\url.st
y"
\Urlmuskip=\muskip10
Package: url 2013/09/16  ver 3.4  Verb mode for urls, etc.
)
LaTeX Info: Redefining \url on input line 5115.
\XeTeXLinkMargin=\dimen164
\Fld@menulength=\count124
\Field@Width=\dimen165
\Fld@charsize=\dimen166
Package hyperref Info: Hyper figures OFF on input line 6369.
Package hyperref Info: Link nesting OFF on input line 6374.
Package hyperref Info: Hyper index ON on input line 6377.
Package hyperref Info: backreferencing OFF on input line 6384.
Package hyperref Info: Link coloring OFF on input line 6389.
Package hyperref Info: Link coloring with OCG OFF on input line 6394.
Package hyperref Info: PDF/A mode OFF on input line 6399.
LaTeX Info: Redefining \ref on input line 6439.
LaTeX Info: Redefining \pageref on input line 6443.
\Hy@abspage=\count125


Package hyperref Message: Stopped early.

)
Package hyperref Info: Driver (autodetected): hpdftex.

("C:\Users\Evan Waldmann\AppData\Local\Programs\MiKTeX 2.9\tex\latex\hyperref\h
pdftex.def"
File: hpdftex.def 2018/02/06 v6.86b Hyperref driver for pdfTeX
\Fld@listcount=\count126
\c@bookmark@seq@number=\count127

("C:\Users\Evan Waldmann\AppData\Local\Programs\MiKTeX 2.9\tex\latex\oberdiek\r
erunfilecheck.sty"
Package: rerunfilecheck 2016/05/16 v1.8 Rerun checks for auxiliary files (HO)
Package uniquecounter Info: New unique counter `rerunfilecheck' on input line 2
82.
))
("C:\Users\Evan Waldmann\AppData\Local\Programs\MiKTeX 2.9\tex\latex\beamer\bea
merbaserequires.sty"
("C:\Users\Evan Waldmann\AppData\Local\Programs\MiKTeX 2.9\tex\latex\beamer\bea
merbasecompatibility.sty")
("C:\Users\Evan Waldmann\AppData\Local\Programs\MiKTeX 2.9\tex\latex\beamer\bea
merbasefont.sty"
("C:\Users\Evan Waldmann\AppData\Local\Programs\MiKTeX 2.9\tex\latex\amsfonts\a
mssymb.sty"
Package: amssymb 2013/01/14 v3.01 AMS font symbols

("C:\Users\Evan Waldmann\AppData\Local\Programs\MiKTeX 2.9\tex\latex\amsfonts\a
msfonts.sty"
Package: amsfonts 2013/01/14 v3.01 Basic AMSFonts support
\@emptytoks=\toks26
\symAMSa=\mathgroup4
\symAMSb=\mathgroup5
LaTeX Font Info:    Overwriting math alphabet `\mathfrak' in version `bold'
(Font)                  U/euf/m/n --> U/euf/b/n on input line 106.
))
("C:\Users\Evan Waldmann\AppData\Local\Programs\MiKTeX 2.9\tex\latex\sansmathac
cent\sansmathaccent.sty"
Package: sansmathaccent 2013/03/28

("C:\Users\Evan Waldmann\AppData\Local\Programs\MiKTeX 2.9\tex\latex\filehook\f
ilehook.sty"
Package: filehook 2011/10/12 v0.5d Hooks for input files
)))
("C:\Users\Evan Waldmann\AppData\Local\Programs\MiKTeX 2.9\tex\latex\beamer\bea
merbasetranslator.sty"
("C:\Users\Evan Waldmann\AppData\Local\Programs\MiKTeX 2.9\tex\latex\translator
\translator.sty"
Package: translator 2018/01/04 v1.12 Easy translation of strings in LaTeX
))
("C:\Users\Evan Waldmann\AppData\Local\Programs\MiKTeX 2.9\tex\latex\beamer\bea
merbasemisc.sty")
("C:\Users\Evan Waldmann\AppData\Local\Programs\MiKTeX 2.9\tex\latex\beamer\bea
merbasetwoscreens.sty")
("C:\Users\Evan Waldmann\AppData\Local\Programs\MiKTeX 2.9\tex\latex\beamer\bea
merbaseoverlay.sty"
\beamer@argscount=\count128
\beamer@lastskipcover=\skip44
\beamer@trivlistdepth=\count129
)
("C:\Users\Evan Waldmann\AppData\Local\Programs\MiKTeX 2.9\tex\latex\beamer\bea
merbasetitle.sty")
("C:\Users\Evan Waldmann\AppData\Local\Programs\MiKTeX 2.9\tex\latex\beamer\bea
merbasesection.sty"
\c@lecture=\count130
\c@part=\count131
\c@section=\count132
\c@subsection=\count133
\c@subsubsection=\count134
)
("C:\Users\Evan Waldmann\AppData\Local\Programs\MiKTeX 2.9\tex\latex\beamer\bea
merbaseframe.sty"
\beamer@framebox=\box40
\beamer@frametitlebox=\box41
\beamer@zoombox=\box42
\beamer@zoomcount=\count135
\beamer@zoomframecount=\count136
\beamer@frametextheight=\dimen167
\c@subsectionslide=\count137
\beamer@frametopskip=\skip45
\beamer@framebottomskip=\skip46
\beamer@frametopskipautobreak=\skip47
\beamer@framebottomskipautobreak=\skip48
\beamer@envbody=\toks27
\framewidth=\dimen168
\c@framenumber=\count138
)
("C:\Users\Evan Waldmann\AppData\Local\Programs\MiKTeX 2.9\tex\latex\beamer\bea
merbaseverbatim.sty"
\beamer@verbatimfileout=\write4
)
("C:\Users\Evan Waldmann\AppData\Local\Programs\MiKTeX 2.9\tex\latex\beamer\bea
merbaseframesize.sty"
\beamer@splitbox=\box43
\beamer@autobreakcount=\count139
\beamer@autobreaklastheight=\dimen169
\beamer@frametitletoks=\toks28
\beamer@framesubtitletoks=\toks29
)
("C:\Users\Evan Waldmann\AppData\Local\Programs\MiKTeX 2.9\tex\latex\beamer\bea
merbaseframecomponents.sty"
\beamer@footins=\box44
)
("C:\Users\Evan Waldmann\AppData\Local\Programs\MiKTeX 2.9\tex\latex\beamer\bea
merbasecolor.sty"
\beamer@bg@ht=\dimen170
\beamer@bg@wd=\dimen171
\beamer@bg@dp=\dimen172
)
("C:\Users\Evan Waldmann\AppData\Local\Programs\MiKTeX 2.9\tex\latex\beamer\bea
merbasenotes.sty"
\beamer@frameboxcopy=\box45
)
("C:\Users\Evan Waldmann\AppData\Local\Programs\MiKTeX 2.9\tex\latex\beamer\bea
merbasetoc.sty")
("C:\Users\Evan Waldmann\AppData\Local\Programs\MiKTeX 2.9\tex\latex\beamer\bea
merbasetemplates.sty"
\beamer@sbttoks=\toks30

("C:\Users\Evan Waldmann\AppData\Local\Programs\MiKTeX 2.9\tex\latex\beamer\bea
merbaseauxtemplates.sty"
("C:\Users\Evan Waldmann\AppData\Local\Programs\MiKTeX 2.9\tex\latex\beamer\bea
merbaseboxes.sty"
\bmb@box=\box46
\bmb@colorbox=\box47
\bmb@boxshadow=\box48
\bmb@boxshadowball=\box49
\bmb@boxshadowballlarge=\box50
\bmb@temp=\dimen173
\bmb@dima=\dimen174
\bmb@dimb=\dimen175
\bmb@prevheight=\dimen176
)
\beamer@blockheadheight=\dimen177
))
("C:\Users\Evan Waldmann\AppData\Local\Programs\MiKTeX 2.9\tex\latex\beamer\bea
merbaselocalstructure.sty"
("C:\Users\Evan Waldmann\AppData\Local\Programs\MiKTeX 2.9\tex\latex\tools\enum
erate.sty"
Package: enumerate 2015/07/23 v3.00 enumerate extensions (DPC)
\@enLab=\toks31
)
\c@figure=\count140
\c@table=\count141
\abovecaptionskip=\skip49
\belowcaptionskip=\skip50
)
("C:\Users\Evan Waldmann\AppData\Local\Programs\MiKTeX 2.9\tex\latex\beamer\bea
merbasenavigation.sty"
\beamer@section@min@dim=\dimen178
)
("C:\Users\Evan Waldmann\AppData\Local\Programs\MiKTeX 2.9\tex\latex\beamer\bea
merbasetheorems.sty"
("C:\Users\Evan Waldmann\AppData\Local\Programs\MiKTeX 2.9\tex\latex\amsmath\am
smath.sty"
Package: amsmath 2017/09/02 v2.17a AMS math features
\@mathmargin=\skip51

For additional information on amsmath, use the `?' option.

("C:\Users\Evan Waldmann\AppData\Local\Programs\MiKTeX 2.9\tex\latex\amsmath\am
stext.sty"
Package: amstext 2000/06/29 v2.01 AMS text

("C:\Users\Evan Waldmann\AppData\Local\Programs\MiKTeX 2.9\tex\latex\amsmath\am
sgen.sty"
File: amsgen.sty 1999/11/30 v2.0 generic functions
\@emptytoks=\toks32
\ex@=\dimen179
))
("C:\Users\Evan Waldmann\AppData\Local\Programs\MiKTeX 2.9\tex\latex\amsmath\am
sbsy.sty"
Package: amsbsy 1999/11/29 v1.2d Bold Symbols
\pmbraise@=\dimen180
)
("C:\Users\Evan Waldmann\AppData\Local\Programs\MiKTeX 2.9\tex\latex\amsmath\am
sopn.sty"
Package: amsopn 2016/03/08 v2.02 operator names
)
\inf@bad=\count142
LaTeX Info: Redefining \frac on input line 213.
\uproot@=\count143
\leftroot@=\count144
LaTeX Info: Redefining \overline on input line 375.
\classnum@=\count145
\DOTSCASE@=\count146
LaTeX Info: Redefining \ldots on input line 472.
LaTeX Info: Redefining \dots on input line 475.
LaTeX Info: Redefining \cdots on input line 596.
\Mathstrutbox@=\box51
\strutbox@=\box52
\big@size=\dimen181
LaTeX Font Info:    Redeclaring font encoding OML on input line 712.
LaTeX Font Info:    Redeclaring font encoding OMS on input line 713.
\macc@depth=\count147
\c@MaxMatrixCols=\count148
\dotsspace@=\muskip11
\c@parentequation=\count149
\dspbrk@lvl=\count150
\tag@help=\toks33
\row@=\count151
\column@=\count152
\maxfields@=\count153
\andhelp@=\toks34
\eqnshift@=\dimen182
\alignsep@=\dimen183
\tagshift@=\dimen184
\tagwidth@=\dimen185
\totwidth@=\dimen186
\lineht@=\dimen187
\@envbody=\toks35
\multlinegap=\skip52
\multlinetaggap=\skip53
\mathdisplay@stack=\toks36
LaTeX Info: Redefining \[ on input line 2817.
LaTeX Info: Redefining \] on input line 2818.
)
("C:\Users\Evan Waldmann\AppData\Local\Programs\MiKTeX 2.9\tex\latex\amscls\ams
thm.sty"
Package: amsthm 2017/10/31 v2.20.4
\thm@style=\toks37
\thm@bodyfont=\toks38
\thm@headfont=\toks39
\thm@notefont=\toks40
\thm@headpunct=\toks41
\thm@preskip=\skip54
\thm@postskip=\skip55
\thm@headsep=\skip56
\dth@everypar=\toks42
)
\c@theorem=\count154
)
("C:\Users\Evan Waldmann\AppData\Local\Programs\MiKTeX 2.9\tex\latex\beamer\bea
merbasethemes.sty"))
("C:\Users\Evan Waldmann\AppData\Local\Programs\MiKTeX 2.9\tex\latex\beamer\bea
merthemedefault.sty"
("C:\Users\Evan Waldmann\AppData\Local\Programs\MiKTeX 2.9\tex\latex\beamer\bea
merfontthemedefault.sty")
("C:\Users\Evan Waldmann\AppData\Local\Programs\MiKTeX 2.9\tex\latex\beamer\bea
mercolorthemedefault.sty")
("C:\Users\Evan Waldmann\AppData\Local\Programs\MiKTeX 2.9\tex\latex\beamer\bea
merinnerthemedefault.sty"
\beamer@dima=\dimen188
\beamer@dimb=\dimen189
)
("C:\Users\Evan Waldmann\AppData\Local\Programs\MiKTeX 2.9\tex\latex\beamer\bea
merouterthemedefault.sty")))
("C:\Users\Evan Waldmann\AppData\Local\Programs\MiKTeX 2.9\tex\latex\caption\ca
ption.sty"
Package: caption 2018/05/01 v3.3-147 Customizing captions (AR)

("C:\Users\Evan Waldmann\AppData\Local\Programs\MiKTeX 2.9\tex\latex\caption\ca
ption3.sty"
Package: caption3 2018/05/27 v1.8a caption3 kernel (AR)
Package caption3 Info: TeX engine: e-TeX on input line 64.
\captionmargin=\dimen190
\captionmargin@=\dimen191
\captionwidth=\dimen192
\caption@tempdima=\dimen193
\caption@indent=\dimen194
\caption@parindent=\dimen195
\caption@hangindent=\dimen196
)
\c@ContinuedFloat=\count155
Package caption Info: beamer document class.
Package caption Info: hyperref package is loaded.
Package caption Info: Hyperref support is turned off
(caption)             because hyperref has stopped early.
)
("C:\Users\Evan Waldmann\AppData\Local\Programs\MiKTeX 2.9\tex\latex\beamer\bea
merthemeCambridgeUS.sty"
("C:\Users\Evan Waldmann\AppData\Local\Programs\MiKTeX 2.9\tex\latex\beamer\bea
merinnerthemerounded.sty")
("C:\Users\Evan Waldmann\AppData\Local\Programs\MiKTeX 2.9\tex\latex\beamer\bea
merouterthemeinfolines.sty")
("C:\Users\Evan Waldmann\AppData\Local\Programs\MiKTeX 2.9\tex\latex\beamer\bea
mercolorthemebeaver.sty"))
("C:\Users\Evan Waldmann\AppData\Local\Programs\MiKTeX 2.9\tex\latex\beamer\bea
merinnerthemerectangles.sty")
("C:\Users\Evan Waldmann\AppData\Local\Programs\MiKTeX 2.9\tex\latex\listings\l
istings.sty"
\lst@mode=\count156
\lst@gtempboxa=\box53
\lst@token=\toks43
\lst@length=\count157
\lst@currlwidth=\dimen197
\lst@column=\count158
\lst@pos=\count159
\lst@lostspace=\dimen198
\lst@width=\dimen199
\lst@newlines=\count160
\lst@lineno=\count161
\lst@maxwidth=\dimen256

("C:\Users\Evan Waldmann\AppData\Local\Programs\MiKTeX 2.9\tex\latex\listings\l
stmisc.sty"
File: lstmisc.sty 2018/09/02 1.7 (Carsten Heinz)
\c@lstnumber=\count162
\lst@skipnumbers=\count163
\lst@framebox=\box54
)
("C:\Users\Evan Waldmann\AppData\Local\Programs\MiKTeX 2.9\tex\latex\listings\l
istings.cfg"
File: listings.cfg 2018/09/02 1.7 listings configuration
))
Package: listings 2018/09/02 1.7 (Carsten Heinz)

("C:\Users\Evan Waldmann\AppData\Local\Programs\MiKTeX 2.9\tex\latex\comment\co
mment.sty"
\CommentStream=\write5
 Excluding comment 'comment')
("C:\Users\Evan Waldmann\AppData\Local\Programs\MiKTeX 2.9\tex\latex\base\fonte
nc.sty"
Package: fontenc 2017/04/05 v2.0i Standard LaTeX package

("C:\Users\Evan Waldmann\AppData\Local\Programs\MiKTeX 2.9\tex\latex\base\t1enc
.def"
File: t1enc.def 2017/04/05 v2.0i Standard LaTeX file
LaTeX Font Info:    Redeclaring font encoding T1 on input line 48.
))
("C:\Users\Evan Waldmann\AppData\Local\Programs\MiKTeX 2.9\tex\latex\lato\lato.
sty"
Package: lato 2017/10/22 Style file for Lato.

("C:\Users\Evan Waldmann\AppData\Local\Programs\MiKTeX 2.9\tex\latex\fontaxes\f
ontaxes.sty"
Package: fontaxes 2014/03/23 v1.0d Font selection axes
LaTeX Info: Redefining \upshape on input line 29.
LaTeX Info: Redefining \itshape on input line 31.
LaTeX Info: Redefining \slshape on input line 33.
LaTeX Info: Redefining \scshape on input line 37.
)
("C:\Users\Evan Waldmann\AppData\Local\Programs\MiKTeX 2.9\tex\latex\xkeyval\xk
eyval.sty"
Package: xkeyval 2014/12/03 v2.7a package option processing (HA)

("C:\Users\Evan Waldmann\AppData\Local\Programs\MiKTeX 2.9\tex\generic\xkeyval\
xkeyval.tex"
("C:\Users\Evan Waldmann\AppData\Local\Programs\MiKTeX 2.9\tex\generic\xkeyval\
xkvutils.tex"
\XKV@toks=\toks44
\XKV@tempa@toks=\toks45
)
\XKV@depth=\count164
File: xkeyval.tex 2014/12/03 v2.7a key=value parser (HA)
)))
("C:\Users\Evan Waldmann\AppData\Local\Programs\MiKTeX 2.9\tex\generic\babel\ba
bel.sty"
Package: babel 2018/06/05 3.22 The Babel package

("C:\Users\Evan Waldmann\AppData\Local\Programs\MiKTeX 2.9\tex\generic\babel\sw
itch.def"
File: switch.def 2018/06/05 3.22 Babel switching mechanism
)
*************************************
* Local config file bblopts.cfg used
*

("C:\Users\Evan Waldmann\AppData\Local\Programs\MiKTeX 2.9\tex\latex\arabi\bblo
pts.cfg"
File: bblopts.cfg 2005/09/08 v0.1 add Arabic and Farsi to "declared" options of
 babel
)
("C:\Users\Evan Waldmann\AppData\Local\Programs\MiKTeX 2.9\tex\latex\babel-engl
ish\english.ldf"
Language: english 2017/06/06 v3.3r English support from the babel system

("C:\Users\Evan Waldmann\AppData\Local\Programs\MiKTeX 2.9\tex\generic\babel\ba
bel.def"
File: babel.def 2018/06/05 3.22 Babel common definitions
\babel@savecnt=\count165
\U@D=\dimen257

("C:\Users\Evan Waldmann\AppData\Local\Programs\MiKTeX 2.9\tex\generic\babel\tx
tbabel.def")
LaTeX Info: Redefining \textlatin on input line 1915.
\bbl@dirlevel=\count166
)
\l@canadian = a dialect from \language\l@american 
\l@australian = a dialect from \language\l@british 
\l@newzealand = a dialect from \language\l@british 
))
("C:\Users\Evan Waldmann\AppData\Local\Programs\MiKTeX 2.9\tex\latex\base\input
enc.sty"
Package: inputenc 2018/04/06 v1.3b Input encoding file
\inpenc@prehook=\toks46
\inpenc@posthook=\toks47

("C:\Users\Evan Waldmann\AppData\Local\Programs\MiKTeX 2.9\tex\latex\ucs\utf8x.
def"
File: utf8x.def 2004/10/17 UCS: Input encoding UTF-8
))
("C:\Users\Evan Waldmann\AppData\Local\Programs\MiKTeX 2.9\tex\latex\ucs\ucs.st
y"
Package: ucs 2013/05/11 v2.2 UCS: Unicode input support

("C:\Users\Evan Waldmann\AppData\Local\Programs\MiKTeX 2.9\tex\latex\ucs\uni-gl
obal.def"
File: uni-global.def 2013/05/13 UCS: Unicode global data
)
\uc@secondtry=\count167
\uc@combtoks=\toks48
\uc@combtoksb=\toks49
\uc@temptokena=\toks50
)
("C:\Users\Evan Waldmann\AppData\Local\Programs\MiKTeX 2.9\tex\latex\pslatex\ps
latex.sty"
Package: pslatex 1996/07/24 v1.2 pslatex emulation (DPC)
LaTeX Font Info:    Redeclaring symbol font `operators' on input line 65.
LaTeX Font Info:    Overwriting symbol font `operators' in version `normal'
(Font)                  OT1/cmr/m/n --> OT1/ptmcm/m/n on input line 65.
LaTeX Font Info:    Overwriting symbol font `operators' in version `bold'
(Font)                  OT1/cmr/bx/n --> OT1/ptmcm/m/n on input line 65.
LaTeX Font Info:    Redeclaring symbol font `letters' on input line 66.
LaTeX Font Info:    Overwriting symbol font `letters' in version `normal'
(Font)                  OML/cmm/m/it --> OML/ptmcm/m/it on input line 66.
LaTeX Font Info:    Overwriting symbol font `letters' in version `bold'
(Font)                  OML/cmm/b/it --> OML/ptmcm/m/it on input line 66.
LaTeX Font Info:    Redeclaring symbol font `symbols' on input line 67.
LaTeX Font Info:    Overwriting symbol font `symbols' in version `normal'
(Font)                  OMS/cmsy/m/n --> OMS/pzccm/m/n on input line 67.
LaTeX Font Info:    Overwriting symbol font `symbols' in version `bold'
(Font)                  OMS/cmsy/b/n --> OMS/pzccm/m/n on input line 67.
LaTeX Font Info:    Redeclaring symbol font `largesymbols' on input line 68.
LaTeX Font Info:    Overwriting symbol font `largesymbols' in version `normal'
(Font)                  OMX/cmex/m/n --> OMX/psycm/m/n on input line 68.
LaTeX Font Info:    Overwriting symbol font `largesymbols' in version `bold'
(Font)                  OMX/cmex/m/n --> OMX/psycm/m/n on input line 68.
\symbold=\mathgroup6
\symitalic=\mathgroup7
LaTeX Font Info:    Redeclaring math alphabet \mathbf on input line 74.
LaTeX Font Info:    Overwriting math alphabet `\mathbf' in version `normal'
(Font)                  OT1/cmr/bx/n --> OT1/ptm/bx/n on input line 74.
LaTeX Font Info:    Overwriting math alphabet `\mathbf' in version `bold'
(Font)                  OT1/cmr/bx/n --> OT1/ptm/bx/n on input line 74.
LaTeX Font Info:    Redeclaring math alphabet \mathit on input line 75.
LaTeX Font Info:    Overwriting math alphabet `\mathit' in version `normal'
(Font)                  OT1/cmr/m/it --> OT1/ptm/m/it on input line 75.
LaTeX Font Info:    Overwriting math alphabet `\mathit' in version `bold'
(Font)                  OT1/cmr/bx/it --> OT1/ptm/m/it on input line 75.
LaTeX Font Info:    Try loading font information for T1+lato-TLF on input line 
456.

("C:\Users\Evan Waldmann\AppData\Local\Programs\MiKTeX 2.9\tex\latex\lato\t1lat
o-tlf.fd"
File: T1lato-TLF.fd 2017/10/22 Font definitions for T1/lato-TLF.
)
LaTeX Font Info:    Font shape `T1/lato-TLF/m/n' will be
(Font)              scaled to size 10.95pt on input line 456.
)
("C:\Users\Evan Waldmann\AppData\Local\Programs\MiKTeX 2.9\tex\latex\fontawesom
e\fontawesome.sty"
Package: fontawesome 2016/05/15 v4.6.3.1 font awesome icons

("C:\Users\Evan Waldmann\AppData\Local\Programs\MiKTeX 2.9\tex\latex\fontawesom
e\fontawesomesymbols-generic.tex")
("C:\Users\Evan Waldmann\AppData\Local\Programs\MiKTeX 2.9\tex\latex\fontawesom
e\fontawesomesymbols-pdftex.tex"))
("C:\Users\Evan Waldmann\AppData\Local\Programs\MiKTeX 2.9\tex\latex\animate\an
imate.sty"
Package: animate 2018/06/27 PDF animations from files and inline graphics

("C:\Users\Evan Waldmann\AppData\Local\Programs\MiKTeX 2.9\tex\latex\base\ifthe
n.sty"
Package: ifthen 2014/09/29 v1.1c Standard LaTeX ifthen package (DPC)
)
("C:\Users\Evan Waldmann\AppData\Local\Programs\MiKTeX 2.9\tex\latex\oberdiek\i
fdraft.sty"
Package: ifdraft 2016/05/16 v1.4 Detect class options draft and final (HO)
)
("C:\Users\Evan Waldmann\AppData\Local\Programs\MiKTeX 2.9\tex\latex\tools\calc
.sty"
Package: calc 2017/05/25 v4.3 Infix arithmetic (KKT,FJ)
\calc@Acount=\count168
\calc@Bcount=\count169
\calc@Adimen=\dimen258
\calc@Bdimen=\dimen259
\calc@Askip=\skip57
\calc@Bskip=\skip58
LaTeX Info: Redefining \setlength on input line 80.
LaTeX Info: Redefining \addtolength on input line 81.
\calc@Ccount=\count170
\calc@Cskip=\skip59
)
("C:\Users\Evan Waldmann\AppData\Local\Programs\MiKTeX 2.9\tex\latex\media9\pdf
base.sty"
("C:\Users\Evan Waldmann\AppData\Local\Programs\MiKTeX 2.9\tex\latex\l3kernel\e
xpl3.sty"
Package: expl3 2018-06-14 L3 programming layer (loader) 

("C:\Users\Evan Waldmann\AppData\Local\Programs\MiKTeX 2.9\tex\latex\l3kernel\e
xpl3-code.tex"
Package: expl3 2018-06-14 L3 programming layer (code)
\c_max_int=\count171
\l_tmpa_int=\count172
\l_tmpb_int=\count173
\g_tmpa_int=\count174
\g_tmpb_int=\count175
\g__kernel_prg_map_int=\count176
\c_log_iow=\count177
\l_iow_line_count_int=\count178
\l__iow_line_target_int=\count179
\l__iow_one_indent_int=\count180
\l__iow_indent_int=\count181
\c_zero_dim=\dimen260
\c_max_dim=\dimen261
\l_tmpa_dim=\dimen262
\l_tmpb_dim=\dimen263
\g_tmpa_dim=\dimen264
\g_tmpb_dim=\dimen265
\c_zero_skip=\skip60
\c_max_skip=\skip61
\l_tmpa_skip=\skip62
\l_tmpb_skip=\skip63
\g_tmpa_skip=\skip64
\g_tmpb_skip=\skip65
\c_zero_muskip=\muskip12
\c_max_muskip=\muskip13
\l_tmpa_muskip=\muskip14
\l_tmpb_muskip=\muskip15
\g_tmpa_muskip=\muskip16
\g_tmpb_muskip=\muskip17
\l_keys_choice_int=\count182
\l__intarray_loop_int=\count183
\c__intarray_sp_dim=\dimen266
\g__intarray_font_int=\count184
\c__fp_leading_shift_int=\count185
\c__fp_middle_shift_int=\count186
\c__fp_trailing_shift_int=\count187
\c__fp_big_leading_shift_int=\count188
\c__fp_big_middle_shift_int=\count189
\c__fp_big_trailing_shift_int=\count190
\c__fp_Bigg_leading_shift_int=\count191
\c__fp_Bigg_middle_shift_int=\count192
\c__fp_Bigg_trailing_shift_int=\count193
\c__kernel_randint_max_int=\count194
\g__fp_array_int=\count195
\l__fp_array_loop_int=\count196
\l__sort_length_int=\count197
\l__sort_min_int=\count198
\l__sort_top_int=\count199
\l__sort_max_int=\count266
\l__sort_true_max_int=\count267
\l__sort_block_int=\count268
\l__sort_begin_int=\count269
\l__sort_end_int=\count270
\l__sort_A_int=\count271
\l__sort_B_int=\count272
\l__sort_C_int=\count273
\l__tl_analysis_normal_int=\count274
\l__tl_analysis_index_int=\count275
\l__tl_analysis_nesting_int=\count276
\l__tl_analysis_type_int=\count277
\l__regex_internal_a_int=\count278
\l__regex_internal_b_int=\count279
\l__regex_internal_c_int=\count280
\l__regex_balance_int=\count281
\l__regex_group_level_int=\count282
\l__regex_mode_int=\count283
\c__regex_cs_in_class_mode_int=\count284
\c__regex_cs_mode_int=\count285
\l__regex_catcodes_int=\count286
\l__regex_default_catcodes_int=\count287
\c__regex_catcode_D_int=\count288
\c__regex_catcode_S_int=\count289
\c__regex_catcode_L_int=\count290
\c__regex_catcode_O_int=\count291
\c__regex_catcode_A_int=\count292
\c__regex_all_catcodes_int=\count293
\l__regex_show_lines_int=\count294
\l__regex_min_state_int=\count295
\l__regex_max_state_int=\count296
\l__regex_left_state_int=\count297
\l__regex_right_state_int=\count298
\l__regex_capturing_group_int=\count299
\l__regex_min_pos_int=\count300
\l__regex_max_pos_int=\count301
\l__regex_curr_pos_int=\count302
\l__regex_start_pos_int=\count303
\l__regex_success_pos_int=\count304
\l__regex_curr_char_int=\count305
\l__regex_curr_catcode_int=\count306
\l__regex_last_char_int=\count307
\l__regex_case_changed_char_int=\count308
\l__regex_curr_state_int=\count309
\l__regex_step_int=\count310
\l__regex_min_active_int=\count311
\l__regex_max_active_int=\count312
\l__regex_replacement_csnames_int=\count313
\l__regex_match_count_int=\count314
\l__regex_min_submatch_int=\count315
\l__regex_submatch_int=\count316
\l__regex_zeroth_submatch_int=\count317
\g__regex_trace_regex_int=\count318
\c_empty_box=\box55
\l_tmpa_box=\box56
\l_tmpb_box=\box57
\g_tmpa_box=\box58
\g_tmpb_box=\box59
\l__box_top_dim=\dimen267
\l__box_bottom_dim=\dimen268
\l__box_left_dim=\dimen269
\l__box_right_dim=\dimen270
\l__box_top_new_dim=\dimen271
\l__box_bottom_new_dim=\dimen272
\l__box_left_new_dim=\dimen273
\l__box_right_new_dim=\dimen274
\l__box_internal_box=\box60
\l__coffin_internal_box=\box61
\l__coffin_internal_dim=\dimen275
\l__coffin_offset_x_dim=\dimen276
\l__coffin_offset_y_dim=\dimen277
\l__coffin_x_dim=\dimen278
\l__coffin_y_dim=\dimen279
\l__coffin_x_prime_dim=\dimen280
\l__coffin_y_prime_dim=\dimen281
\c_empty_coffin=\box62
\l__coffin_aligned_coffin=\box63
\l__coffin_aligned_internal_coffin=\box64
\l_tmpa_coffin=\box65
\l_tmpb_coffin=\box66
\l__coffin_display_coffin=\box67
\l__coffin_display_coord_coffin=\box68
\l__coffin_display_pole_coffin=\box69
\l__coffin_display_offset_dim=\dimen282
\l__coffin_display_x_dim=\dimen283
\l__coffin_display_y_dim=\dimen284
\g__file_internal_ior=\read2
\l__coffin_bounding_shift_dim=\dimen285
\l__coffin_left_corner_dim=\dimen286
\l__coffin_right_corner_dim=\dimen287
\l__coffin_bottom_corner_dim=\dimen288
\l__coffin_top_corner_dim=\dimen289
\l__coffin_scaled_total_height_dim=\dimen290
\l__coffin_scaled_width_dim=\dimen291
\l__seq_internal_a_int=\count319
\l__seq_internal_b_int=\count320
)
("C:\Users\Evan Waldmann\AppData\Local\Programs\MiKTeX 2.9\tex\latex\l3kernel\l
3pdfmode.def"
File: l3pdfmode.def 2018-06-14 v L3 Experimental driver: PDF mode
\l__driver_color_stack_int=\count321
))
("C:\Users\Evan Waldmann\AppData\Local\Programs\MiKTeX 2.9\tex\latex\l3packages
\l3keys2e\l3keys2e.sty"
Package: l3keys2e 2018-05-12 LaTeX2e option processing using LaTeX3 keys
)
Package: pdfbase 2018/06/07 v0.24 driver independent access to low-level PDF fe
atures
\g_pbs_page_int=\count322
\g_pbs_oc_int=\count323
)
("C:\Users\Evan Waldmann\AppData\Local\Programs\MiKTeX 2.9\tex\latex\ocgx2\ocgb
ase.sty"
Package: ocgbase 2018/06/07 v0.14 support package for ocgx2.sty
\g_ocgbase_nd_int=\count324
)
\@anim@box=\box70
\@anim@measbox=\box71
\@anim@tmpdima=\dimen292
\@anim@tmpdimb=\dimen293
\@anim@num=\count325
\@anim@curframe=\count326
\@anim@curframe@zb=\count327
\@anim@resizeflags=\count328
\@anim@skipfram=\count329
\@anim@mulframecnt=\count330
\@anim@@tmlnfile=\read3
\@anim@tmpcnt=\count331
\c@@anim@ltxcnt=\count332
\@anim@curlayer=\count333
\@anim@lineno=\count334
\@anim@curfield=\count335
\@anim@@resizeflags=\count336
)
("C:\Users\Evan Waldmann\AppData\Local\Programs\MiKTeX 2.9\tex\latex\beamer\xmp
multi.sty"
\@mpm@count=\count337
)
("C:\Users\Evan Waldmann\AppData\Local\Programs\MiKTeX 2.9\tex\latex\caption\su
bcaption.sty"
Package: subcaption 2018/05/01 v1.1-162 Sub-captions (AR)
\c@subfigure=\count338
\c@subtable=\count339
) (main.aux)
\openout1 = `main.aux'.

LaTeX Font Info:    Checking defaults for OML/cmm/m/it on input line 162.
LaTeX Font Info:    ... okay on input line 162.
LaTeX Font Info:    Checking defaults for T1/cmr/m/n on input line 162.
LaTeX Font Info:    ... okay on input line 162.
LaTeX Font Info:    Checking defaults for OT1/cmr/m/n on input line 162.
LaTeX Font Info:    ... okay on input line 162.
LaTeX Font Info:    Checking defaults for OMS/pzccm/m/n on input line 162.
LaTeX Font Info:    Try loading font information for OMS+pzccm on input line 16
2.

("C:\Users\Evan Waldmann\AppData\Local\Programs\MiKTeX 2.9\tex\latex\psnfss\oms
pzccm.fd"
File: omspzccm.fd 2000/01/03 Fontinst v1.801 font definitions for OMS/pzccm.
)
LaTeX Font Info:    ... okay on input line 162.
LaTeX Font Info:    Checking defaults for OMX/cmex/m/n on input line 162.
LaTeX Font Info:    ... okay on input line 162.
LaTeX Font Info:    Checking defaults for U/cmr/m/n on input line 162.
LaTeX Font Info:    ... okay on input line 162.
LaTeX Font Info:    Checking defaults for PD1/pdf/m/n on input line 162.
LaTeX Font Info:    ... okay on input line 162.

*geometry* driver: auto-detecting
*geometry* detected driver: pdftex
*geometry* verbose mode - [ preamble ] result:
* driver: pdftex
* paper: custom
* layout: <same size as paper>
* layoutoffset:(h,v)=(0.0pt,0.0pt)
* modes: includehead includefoot 
* h-part:(L,W,R)=(10.95003pt, 342.2953pt, 10.95003pt)
* v-part:(T,H,B)=(0.0pt, 273.14662pt, 0.0pt)
* \paperwidth=364.19536pt
* \paperheight=273.14662pt
* \textwidth=342.2953pt
* \textheight=244.6939pt
* \oddsidemargin=-61.31996pt
* \evensidemargin=-61.31996pt
* \topmargin=-72.26999pt
* \headheight=14.22636pt
* \headsep=0.0pt
* \topskip=11.0pt
* \footskip=14.22636pt
* \marginparwidth=4.0pt
* \marginparsep=10.0pt
* \columnsep=10.0pt
* \skip\footins=10.0pt plus 4.0pt minus 2.0pt
* \hoffset=0.0pt
* \voffset=0.0pt
* \mag=1000
* \@twocolumnfalse
* \@twosidefalse
* \@mparswitchfalse
* \@reversemarginfalse
* (1in=72.27pt=25.4mm, 1cm=28.453pt)


("C:\Users\Evan Waldmann\AppData\Local\Programs\MiKTeX 2.9\tex\context\base\sup
p-pdf.mkii"
[Loading MPS to PDF converter (version 2006.09.02).]
\scratchcounter=\count340
\scratchdimen=\dimen294
\scratchbox=\box72
\nofMPsegments=\count341
\nofMParguments=\count342
\everyMPshowfont=\toks51
\MPscratchCnt=\count343
\MPscratchDim=\dimen295
\MPnumerator=\count344
\makeMPintoPDFobject=\count345
\everyMPtoPDFconversion=\toks52
)
("C:\Users\Evan Waldmann\AppData\Local\Programs\MiKTeX 2.9\tex\latex\oberdiek\e
pstopdf-base.sty"
Package: epstopdf-base 2016/05/15 v2.6 Base part for package epstopdf

("C:\Users\Evan Waldmann\AppData\Local\Programs\MiKTeX 2.9\tex\latex\oberdiek\g
rfext.sty"
Package: grfext 2016/05/16 v1.2 Manage graphics extensions (HO)
)
Package epstopdf-base Info: Redefining graphics rule for `.eps' on input line 4
38.
Package grfext Info: Graphics extension search list:
(grfext)             [.pdf,.png,.jpg,.mps,.jpeg,.jbig2,.jb2,.PDF,.PNG,.JPG,.JPE
G,.JBIG2,.JB2,.eps]
(grfext)             \AppendGraphicsExtensions on input line 456.
) ABD: EveryShipout initializing macros
\AtBeginShipoutBox=\box73
Package hyperref Info: Link coloring OFF on input line 162.

("C:\Users\Evan Waldmann\AppData\Local\Programs\MiKTeX 2.9\tex\latex\hyperref\n
ameref.sty"
Package: nameref 2016/05/21 v2.44 Cross-referencing by name of section

("C:\Users\Evan Waldmann\AppData\Local\Programs\MiKTeX 2.9\tex\generic\oberdiek
\gettitlestring.sty"
Package: gettitlestring 2016/05/16 v1.5 Cleanup title references (HO)
)
\c@section@level=\count346
)
LaTeX Info: Redefining \ref on input line 162.
LaTeX Info: Redefining \pageref on input line 162.
LaTeX Info: Redefining \nameref on input line 162.
 (main.out) (main.out)
\@outlinefile=\write6
\openout6 = `main.out'.

LaTeX Font Info:    Overwriting symbol font `operators' in version `normal'
(Font)                  OT1/ptmcm/m/n --> OT1/cmss/m/n on input line 162.
LaTeX Font Info:    Overwriting symbol font `operators' in version `bold'
(Font)                  OT1/ptmcm/m/n --> OT1/cmss/bx/n on input line 162.
\symnumbers=\mathgroup8
\sympureletters=\mathgroup9
LaTeX Font Info:    Overwriting math alphabet `\mathrm' in version `normal'
(Font)                  OT1/cmss/m/n --> T1/ptm/m/n on input line 162.
LaTeX Font Info:    Redeclaring math alphabet \mathbf on input line 162.
LaTeX Font Info:    Overwriting math alphabet `\mathbf' in version `normal'
(Font)                  OT1/ptm/bx/n --> T1/phv/bx/n on input line 162.
LaTeX Font Info:    Overwriting math alphabet `\mathbf' in version `bold'
(Font)                  OT1/ptm/bx/n --> T1/phv/bx/n on input line 162.
LaTeX Font Info:    Redeclaring math alphabet \mathsf on input line 162.
LaTeX Font Info:    Overwriting math alphabet `\mathsf' in version `normal'
(Font)                  OT1/cmss/m/n --> T1/phv/m/n on input line 162.
LaTeX Font Info:    Overwriting math alphabet `\mathsf' in version `bold'
(Font)                  OT1/cmss/bx/n --> T1/phv/m/n on input line 162.
LaTeX Font Info:    Redeclaring math alphabet \mathit on input line 162.
LaTeX Font Info:    Overwriting math alphabet `\mathit' in version `normal'
(Font)                  OT1/ptm/m/it --> T1/phv/m/it on input line 162.
LaTeX Font Info:    Overwriting math alphabet `\mathit' in version `bold'
(Font)                  OT1/ptm/m/it --> T1/phv/m/it on input line 162.
LaTeX Font Info:    Redeclaring math alphabet \mathtt on input line 162.
LaTeX Font Info:    Overwriting math alphabet `\mathtt' in version `normal'
(Font)                  OT1/cmtt/m/n --> T1/pcr/m/n on input line 162.
LaTeX Font Info:    Overwriting math alphabet `\mathtt' in version `bold'
(Font)                  OT1/cmtt/m/n --> T1/pcr/m/n on input line 162.
LaTeX Font Info:    Overwriting symbol font `numbers' in version `bold'
(Font)                  T1/phv/m/n --> T1/phv/bx/n on input line 162.
LaTeX Font Info:    Overwriting symbol font `pureletters' in version `bold'
(Font)                  T1/phv/m/it --> T1/phv/bx/it on input line 162.
LaTeX Font Info:    Overwriting math alphabet `\mathrm' in version `bold'
(Font)                  OT1/cmss/bx/n --> T1/ptm/bx/n on input line 162.
LaTeX Font Info:    Overwriting math alphabet `\mathbf' in version `bold'
(Font)                  T1/phv/bx/n --> T1/phv/bx/n on input line 162.
LaTeX Font Info:    Overwriting math alphabet `\mathsf' in version `bold'
(Font)                  T1/phv/m/n --> T1/phv/bx/n on input line 162.
LaTeX Font Info:    Overwriting math alphabet `\mathit' in version `bold'
(Font)                  T1/phv/m/it --> T1/phv/bx/it on input line 162.
LaTeX Font Info:    Overwriting math alphabet `\mathtt' in version `bold'
(Font)                  T1/pcr/m/n --> T1/pcr/bx/n on input line 162.

("C:\Users\Evan Waldmann\AppData\Local\Programs\MiKTeX 2.9\tex\latex\translator
\translator-basic-dictionary-English.dict"
Dictionary: translator-basic-dictionary, Language: English 
)
("C:\Users\Evan Waldmann\AppData\Local\Programs\MiKTeX 2.9\tex\latex\translator
\translator-bibliography-dictionary-English.dict"
Dictionary: translator-bibliography-dictionary, Language: English 
)
("C:\Users\Evan Waldmann\AppData\Local\Programs\MiKTeX 2.9\tex\latex\translator
\translator-environment-dictionary-English.dict"
Dictionary: translator-environment-dictionary, Language: English 
)
("C:\Users\Evan Waldmann\AppData\Local\Programs\MiKTeX 2.9\tex\latex\translator
\translator-months-dictionary-English.dict"
Dictionary: translator-months-dictionary, Language: English 
)
("C:\Users\Evan Waldmann\AppData\Local\Programs\MiKTeX 2.9\tex\latex\translator
\translator-numbers-dictionary-English.dict"
Dictionary: translator-numbers-dictionary, Language: English 
)
("C:\Users\Evan Waldmann\AppData\Local\Programs\MiKTeX 2.9\tex\latex\translator
\translator-theorem-dictionary-English.dict"
Dictionary: translator-theorem-dictionary, Language: English 
)
Package caption Info: Begin \AtBeginDocument code.
Package caption Info: listings package is loaded.
Package caption Info: End \AtBeginDocument code.
\c@lstlisting=\count347
\c@mv@tabular=\count348
\c@mv@boldtabular=\count349

("C:\Users\Evan Waldmann\AppData\Local\Programs\MiKTeX 2.9\tex\latex\ucs\ucsenc
s.def"
File: ucsencs.def 2011/01/21 Fixes to fontencodings LGR, T3
) (main.nav)
LaTeX Font Info:    Font shape `T1/lato-TLF/m/n' will be
(Font)              scaled to size 6.0pt on input line 162.
LaTeX Font Info:    Font shape `T1/lato-TLF/bx/n' in size <6> not available
(Font)              Font shape `T1/lato-TLF/b/n' tried instead on input line 16
2.
LaTeX Font Info:    Font shape `T1/lato-TLF/b/n' will be
(Font)              scaled to size 6.0pt on input line 162.
LaTeX Font Info:    Font shape `T1/lato-TLF/m/n' will be
(Font)              scaled to size 14.4pt on input line 168.
LaTeX Font Info:    Font shape `T1/lato-TLF/m/n' will be
(Font)              scaled to size 8.0pt on input line 168.
LaTeX Font Info:    Font shape `T1/lato-TLF/m/n' will be
(Font)              scaled to size 24.88pt on input line 168.
LaTeX Font Info:    Font shape `T1/lato-TLF/m/n' will be
(Font)              scaled to size 4.0pt on input line 168.
 [1

{C:/Users/Evan Waldmann/AppData/Local/MiKTeX/2.9/pdftex/config/pdftex.map}]
Overfull \hbox (17.09436pt too wide) has occurred while \output is active
[]   [] [] [] [] [] [] 
 []

[2

]
<tshirtbackdarkerblack.png, id=59, 528.47438pt x 676.77844pt>
File: tshirtbackdarkerblack.png Graphic file (type png)
<use tshirtbackdarkerblack.png>
Package pdftex.def Info: tshirtbackdarkerblack.png  used on input line 193.
(pdftex.def)             Requested size: 128.29599pt x 164.30028pt.
LaTeX Font Info:    Try loading font information for OML+ptmcm on input line 19
3.

("C:\Users\Evan Waldmann\AppData\Local\Programs\MiKTeX 2.9\tex\latex\psnfss\oml
ptmcm.fd"
File: omlptmcm.fd 2000/01/03 Fontinst v1.801 font definitions for OML/ptmcm.
)
LaTeX Font Info:    Try loading font information for OMX+psycm on input line 19
3.

("C:\Users\Evan Waldmann\AppData\Local\Programs\MiKTeX 2.9\tex\latex\psnfss\omx
psycm.fd"
File: omxpsycm.fd 2000/01/03 Fontinst v1.801 font definitions for OMX/psycm.
)
LaTeX Font Info:    Try loading font information for U+msa on input line 193.

("C:\Users\Evan Waldmann\AppData\Local\Programs\MiKTeX 2.9\tex\latex\amsfonts\u
msa.fd"
File: umsa.fd 2013/01/14 v3.01 AMS symbols A
)
LaTeX Font Info:    Try loading font information for U+msb on input line 193.

("C:\Users\Evan Waldmann\AppData\Local\Programs\MiKTeX 2.9\tex\latex\amsfonts\u
msb.fd"
File: umsb.fd 2013/01/14 v3.01 AMS symbols B
)
LaTeX Font Info:    Font shape `OT1/ptm/bx/n' in size <10.95> not available
(Font)              Font shape `OT1/ptm/b/n' tried instead on input line 193.
LaTeX Font Info:    Font shape `OT1/ptm/bx/n' in size <8> not available
(Font)              Font shape `OT1/ptm/b/n' tried instead on input line 193.
LaTeX Font Info:    Font shape `OT1/ptm/bx/n' in size <6> not available
(Font)              Font shape `OT1/ptm/b/n' tried instead on input line 193.
LaTeX Font Info:    Font shape `T1/phv/m/n' will be
(Font)              scaled to size 9.85492pt on input line 193.
LaTeX Font Info:    Font shape `T1/phv/m/n' will be
(Font)              scaled to size 7.19995pt on input line 193.
LaTeX Font Info:    Font shape `T1/phv/m/n' will be
(Font)              scaled to size 5.39996pt on input line 193.
LaTeX Font Info:    Font shape `T1/phv/m/it' in size <10.95> not available
(Font)              Font shape `T1/phv/m/sl' tried instead on input line 193.
LaTeX Font Info:    Font shape `T1/phv/m/sl' will be
(Font)              scaled to size 9.85492pt on input line 193.
LaTeX Font Info:    Font shape `T1/phv/m/it' in size <8> not available
(Font)              Font shape `T1/phv/m/sl' tried instead on input line 193.
LaTeX Font Info:    Font shape `T1/phv/m/sl' will be
(Font)              scaled to size 7.19995pt on input line 193.
LaTeX Font Info:    Font shape `T1/phv/m/it' in size <6> not available
(Font)              Font shape `T1/phv/m/sl' tried instead on input line 193.
LaTeX Font Info:    Font shape `T1/phv/m/sl' will be
(Font)              scaled to size 5.39996pt on input line 193.
<UCF_CMS_LOGO_tshirttrans.png, id=61, 2055.68pt x 1402.23875pt>
File: UCF_CMS_LOGO_tshirttrans.png Graphic file (type png)
<use UCF_CMS_LOGO_tshirttrans.png>
Package pdftex.def Info: UCF_CMS_LOGO_tshirttrans.png  used on input line 193.
(pdftex.def)             Requested size: 164.30028pt x 112.05301pt.

Overfull \hbox (17.09436pt too wide) has occurred while \output is active
[]   [] [] [] [] [] [] 
 []

[3

 <./tshirtbackdarkerblack.png> <./UCF_CMS_LOGO_tshirttrans.png>]
LaTeX Font Info:    Font shape `T1/lato-TLF/m/n' will be
(Font)              scaled to size 10.0pt on input line 217.
LaTeX Font Info:    Font shape `T1/lato-TLF/bx/n' in size <10> not available
(Font)              Font shape `T1/lato-TLF/b/n' tried instead on input line 21
7.
LaTeX Font Info:    Font shape `T1/lato-TLF/b/n' will be
(Font)              scaled to size 10.0pt on input line 217.

Overfull \hbox (17.09436pt too wide) has occurred while \output is active
[]   [] [] [] [] [] [] 
 []

[4

]
Overfull \hbox (17.09436pt too wide) has occurred while \output is active
[]   [] [] [] [] [] [] 
 []

[5

]
LaTeX Font Info:    Font shape `OT1/ptm/bx/n' in size <10> not available
(Font)              Font shape `OT1/ptm/b/n' tried instead on input line 247.
LaTeX Font Info:    Font shape `OT1/ptm/bx/n' in size <7.4> not available
(Font)              Font shape `OT1/ptm/b/n' tried instead on input line 247.
LaTeX Font Info:    Font shape `T1/phv/m/n' will be
(Font)              scaled to size 8.99994pt on input line 247.
LaTeX Font Info:    Font shape `T1/phv/m/n' will be
(Font)              scaled to size 6.65994pt on input line 247.
LaTeX Font Info:    Font shape `T1/phv/m/it' in size <10> not available
(Font)              Font shape `T1/phv/m/sl' tried instead on input line 247.
LaTeX Font Info:    Font shape `T1/phv/m/sl' will be
(Font)              scaled to size 8.99994pt on input line 247.
LaTeX Font Info:    Font shape `T1/phv/m/it' in size <7.4> not available
(Font)              Font shape `T1/phv/m/sl' tried instead on input line 247.
LaTeX Font Info:    Font shape `T1/phv/m/sl' will be
(Font)              scaled to size 6.65994pt on input line 247.
LaTeX Font Info:    Font shape `T1/lato-TLF/m/n' will be
(Font)              scaled to size 7.4pt on input line 247.

Overfull \hbox (22.79248pt too wide) has occurred while \output is active
[]   [] [] [] [] [] [] [] 
 []

[6

]
<timeVeffort.png, id=109, 512.8761pt x 258.9675pt>
File: timeVeffort.png Graphic file (type png)
<use timeVeffort.png>
Package pdftex.def Info: timeVeffort.png  used on input line 259.
(pdftex.def)             Requested size: 273.83728pt x 138.27554pt.

Overfull \hbox (22.79248pt too wide) has occurred while \output is active
[]   [] [] [] [] [] [] [] 
 []

[7

 <./timeVeffort.png>]
LaTeX Font Info:    Font shape `T1/lato-TLF/bx/n' in size <14.4> not available
(Font)              Font shape `T1/lato-TLF/b/n' tried instead on input line 27
2.
LaTeX Font Info:    Font shape `T1/lato-TLF/b/n' will be
(Font)              scaled to size 14.4pt on input line 272.

Overfull \hbox (22.79248pt too wide) has occurred while \output is active
[]   [] [] [] [] [] [] [] 
 []

[8

]
("C:\Users\Evan Waldmann\AppData\Local\Programs\MiKTeX 2.9\tex\latex\listings\l
stlang1.sty"
File: lstlang1.sty 2018/09/02 1.7 listings language file
)
("C:\Users\Evan Waldmann\AppData\Local\Programs\MiKTeX 2.9\tex\latex\listings\l
stlang2.sty"
File: lstlang2.sty 2018/09/02 1.7 listings language file
)
("C:\Users\Evan Waldmann\AppData\Local\Programs\MiKTeX 2.9\tex\latex\listings\l
stlang3.sty"
File: lstlang3.sty 2018/09/02 1.7 listings language file
)
("C:\Users\Evan Waldmann\AppData\Local\Programs\MiKTeX 2.9\tex\latex\listings\l
stlang1.sty"
File: lstlang1.sty 2018/09/02 1.7 listings language file
)
("C:\Users\Evan Waldmann\AppData\Local\Programs\MiKTeX 2.9\tex\latex\listings\l
stlang2.sty"
File: lstlang2.sty 2018/09/02 1.7 listings language file
)
("C:\Users\Evan Waldmann\AppData\Local\Programs\MiKTeX 2.9\tex\latex\listings\l
stlang3.sty"
File: lstlang3.sty 2018/09/02 1.7 listings language file
)
("C:\Users\Evan Waldmann\AppData\Local\Programs\MiKTeX 2.9\tex\latex\listings\l
stlang1.sty"
File: lstlang1.sty 2018/09/02 1.7 listings language file
)
("C:\Users\Evan Waldmann\AppData\Local\Programs\MiKTeX 2.9\tex\latex\listings\l
stlang2.sty"
File: lstlang2.sty 2018/09/02 1.7 listings language file
)
("C:\Users\Evan Waldmann\AppData\Local\Programs\MiKTeX 2.9\tex\latex\listings\l
stlang3.sty"
File: lstlang3.sty 2018/09/02 1.7 listings language file
)
("C:\Users\Evan Waldmann\AppData\Local\Programs\MiKTeX 2.9\tex\latex\listings\l
stmisc.sty"
File: lstmisc.sty 2018/09/02 1.7 (Carsten Heinz)
) (simplefile.tex
LaTeX Font Info:    Font shape `T1/lato-TLF/m/it' will be
(Font)              scaled to size 8.0pt on input line 9.
LaTeX Font Info:    Font shape `T1/lato-TLF/bx/n' in size <8> not available
(Font)              Font shape `T1/lato-TLF/b/n' tried instead on input line 11
.
LaTeX Font Info:    Font shape `T1/lato-TLF/b/n' will be
(Font)              scaled to size 8.0pt on input line 11.
LaTeX Font Info:    Font shape `OT1/ptm/bx/n' in size <5> not available
(Font)              Font shape `OT1/ptm/b/n' tried instead on input line 12.
LaTeX Font Info:    Font shape `T1/phv/m/n' will be
(Font)              scaled to size 4.49997pt on input line 12.
LaTeX Font Info:    Font shape `T1/phv/m/it' in size <5> not available
(Font)              Font shape `T1/phv/m/sl' tried instead on input line 12.
LaTeX Font Info:    Font shape `T1/phv/m/sl' will be
(Font)              scaled to size 4.49997pt on input line 12.
)
Overfull \vbox (1.81415pt too high) detected at line 277
 []


Overfull \hbox (22.79248pt too wide) has occurred while \output is active
[]   [] [] [] [] [] [] [] 
 []

[9

]
Overfull \hbox (22.79248pt too wide) has occurred while \output is active
[]   [] [] [] [] [] [] [] 
 []

[10

]
\tf@nav=\write7
\openout7 = `main.nav'.

\tf@toc=\write8
\openout8 = `main.toc'.

\tf@snm=\write9
\openout9 = `main.snm'.

Package atveryend Info: Empty hook `BeforeClearDocument' on input line 292.
Package atveryend Info: Empty hook `AfterLastShipout' on input line 292.
 (main.aux)
Package atveryend Info: Executing hook `AtVeryEndDocument' on input line 292.
Package atveryend Info: Executing hook `AtEndAfterFileList' on input line 292.
Package rerunfilecheck Info: File `main.out' has not changed.
(rerunfilecheck)             Checksum: 771F5540B005E4BC8013E9C09AAF2B6B;190.
 ) 
Here is how much of TeX's memory you used:
 33449 strings out of 492973
 622859 string characters out of 3123146
 886343 words of memory out of 3000000
 36712 multiletter control sequences out of 15000+200000
 863801 words of font info for 115 fonts, out of 3000000 for 9000
 1141 hyphenation exceptions out of 8191
 62i,19n,124p,808b,2061s stack positions out of 5000i,500n,10000p,200000b,50000s
{C:/Users/Evan Waldmann/AppData/Local/Programs/MiKTeX 2.9/fonts/enc/dvips/lat
o/a_w6akef.enc}<C:/Users/Evan Waldmann/AppData/Local/Programs/MiKTeX 2.9/fonts/
type1/public/lato/Lato-Bold.pfb><C:/Users/Evan Waldmann/AppData/Local/Programs/
MiKTeX 2.9/fonts/type1/public/lato/Lato-Italic.pfb><C:/Users/Evan Waldmann/AppD
ata/Local/Programs/MiKTeX 2.9/fonts/type1/public/lato/Lato-Regular.pfb><C:/User
s/Evan Waldmann/AppData/Local/Programs/MiKTeX 2.9/fonts/type1/public/amsfonts/c
m/cmsy10.pfb>
Output written on main.pdf (10 pages, 364539 bytes).
PDF statistics:
 181 PDF objects out of 1000 (max. 8388607)
 25 named destinations out of 1000 (max. 500000)
 108 words of extra memory for PDF output out of 10000 (max. 10000000)

